Starting Dapr with id order-processor. HTTP Port: 57038. gRPC Port: 57039
Updating metadata for cliPID: 12504
time="2023-11-14T21:14:44.918857+05:30" level=info msg="Starting Dapr Runtime -- version 1.12.0 -- commit 2149fca96cdf11627c387bda26dcc027d1c47354" app_id=order-processor instance=Ajays-Mac-mini.local scope=dapr.runtime type=log ver=1.12.0
time="2023-11-14T21:14:44.918895+05:30" level=info msg="Log level set to: info" app_id=order-processor instance=Ajays-Mac-mini.local scope=dapr.runtime type=log ver=1.12.0
time="2023-11-14T21:14:44.918995+05:30" level=warning msg="mTLS is disabled. Skipping certificate request and tls validation" app_id=order-processor instance=Ajays-Mac-mini.local scope=dapr.runtime.security type=log ver=1.12.0
time="2023-11-14T21:14:44.919758+05:30" level=info msg="metrics server started on :57040/" app_id=order-processor instance=Ajays-Mac-mini.local scope=dapr.runtime type=log ver=1.12.0
time="2023-11-14T21:14:44.919775+05:30" level=info msg="standalone mode configured" app_id=order-processor instance=Ajays-Mac-mini.local scope=dapr.runtime type=log ver=1.12.0
time="2023-11-14T21:14:44.919831+05:30" level=info msg="app id: order-processor" app_id=order-processor instance=Ajays-Mac-mini.local scope=dapr.runtime type=log ver=1.12.0
time="2023-11-14T21:14:44.919918+05:30" level=info msg="Dapr trace sampler initialized: DaprTraceSampler(P=1.000000)" app_id=order-processor instance=Ajays-Mac-mini.local scope=dapr.runtime type=log ver=1.12.0
time="2023-11-14T21:14:44.920218+05:30" level=info msg="local service entry announced: order-processor -> 192.168.1.18:57041" app_id=order-processor component="mdns (nameResolution/v1)" instance=Ajays-Mac-mini.local scope=dapr.contrib type=log ver=1.12.0
time="2023-11-14T21:14:44.920233+05:30" level=info msg="Initialized name resolution to mdns" app_id=order-processor instance=Ajays-Mac-mini.local scope=dapr.runtime type=log ver=1.12.0
time="2023-11-14T21:14:44.920289+05:30" level=info msg="Loading components…" app_id=order-processor instance=Ajays-Mac-mini.local scope=dapr.runtime type=log ver=1.12.0
time="2023-11-14T21:14:44.92453+05:30" level=info msg="Component loaded: pubsub (pubsub.redis/v1)" app_id=order-processor instance=Ajays-Mac-mini.local scope=dapr.runtime type=log ver=1.12.0
time="2023-11-14T21:14:44.924597+05:30" level=info msg="Waiting for all outstanding components to be processed…" app_id=order-processor instance=Ajays-Mac-mini.local scope=dapr.runtime type=log ver=1.12.0
time="2023-11-14T21:14:44.926942+05:30" level=info msg="Using 'statestore' as actor state store" app_id=order-processor instance=Ajays-Mac-mini.local scope=dapr.runtime.processor.state type=log ver=1.12.0
time="2023-11-14T21:14:44.926966+05:30" level=info msg="Component loaded: statestore (state.redis/v1)" app_id=order-processor instance=Ajays-Mac-mini.local scope=dapr.runtime type=log ver=1.12.0
time="2023-11-14T21:14:44.926977+05:30" level=info msg="All outstanding components processed" app_id=order-processor instance=Ajays-Mac-mini.local scope=dapr.runtime type=log ver=1.12.0
time="2023-11-14T21:14:44.926984+05:30" level=info msg="Loading endpoints…" app_id=order-processor instance=Ajays-Mac-mini.local scope=dapr.runtime type=log ver=1.12.0
time="2023-11-14T21:14:44.927148+05:30" level=info msg="Waiting for all outstanding http endpoints to be processed…" app_id=order-processor instance=Ajays-Mac-mini.local scope=dapr.runtime type=log ver=1.12.0
time="2023-11-14T21:14:44.927159+05:30" level=info msg="All outstanding http endpoints processed" app_id=order-processor instance=Ajays-Mac-mini.local scope=dapr.runtime type=log ver=1.12.0
time="2023-11-14T21:14:44.927217+05:30" level=info msg="gRPC server listening on TCP address: :57039" app_id=order-processor instance=Ajays-Mac-mini.local scope=dapr.runtime.grpc.api type=log ver=1.12.0
time="2023-11-14T21:14:44.927227+05:30" level=info msg="Enabled gRPC tracing middleware" app_id=order-processor instance=Ajays-Mac-mini.local scope=dapr.runtime.grpc.api type=log ver=1.12.0
time="2023-11-14T21:14:44.927235+05:30" level=info msg="Enabled gRPC metrics middleware" app_id=order-processor instance=Ajays-Mac-mini.local scope=dapr.runtime.grpc.api type=log ver=1.12.0
time="2023-11-14T21:14:44.927287+05:30" level=info msg="Registering workflow engine for gRPC endpoint: [::]:57039" app_id=order-processor instance=Ajays-Mac-mini.local scope=dapr.runtime.grpc.api type=log ver=1.12.0
time="2023-11-14T21:14:44.927304+05:30" level=info msg="API gRPC server is running on port 57039" app_id=order-processor instance=Ajays-Mac-mini.local scope=dapr.runtime type=log ver=1.12.0
time="2023-11-14T21:14:44.927339+05:30" level=info msg="Enabled max body size HTTP middleware with size 4 MB" app_id=order-processor instance=Ajays-Mac-mini.local scope=dapr.runtime.http type=log ver=1.12.0
time="2023-11-14T21:14:44.92735+05:30" level=info msg="Enabled tracing HTTP middleware" app_id=order-processor instance=Ajays-Mac-mini.local scope=dapr.runtime.http type=log ver=1.12.0
time="2023-11-14T21:14:44.927354+05:30" level=info msg="Enabled metrics HTTP middleware" app_id=order-processor instance=Ajays-Mac-mini.local scope=dapr.runtime.http type=log ver=1.12.0
time="2023-11-14T21:14:44.927496+05:30" level=info msg="HTTP server listening on TCP address: :57038" app_id=order-processor instance=Ajays-Mac-mini.local scope=dapr.runtime.http type=log ver=1.12.0
time="2023-11-14T21:14:44.927512+05:30" level=info msg="HTTP server is running on port 57038" app_id=order-processor instance=Ajays-Mac-mini.local scope=dapr.runtime type=log ver=1.12.0
time="2023-11-14T21:14:44.927517+05:30" level=info msg="The request body size parameter is: 4" app_id=order-processor instance=Ajays-Mac-mini.local scope=dapr.runtime type=log ver=1.12.0
time="2023-11-14T21:14:44.92754+05:30" level=info msg="gRPC server listening on TCP address: :57041" app_id=order-processor instance=Ajays-Mac-mini.local scope=dapr.runtime.grpc.internal type=log ver=1.12.0
time="2023-11-14T21:14:44.927547+05:30" level=info msg="Enabled gRPC tracing middleware" app_id=order-processor instance=Ajays-Mac-mini.local scope=dapr.runtime.grpc.internal type=log ver=1.12.0
time="2023-11-14T21:14:44.927551+05:30" level=info msg="Enabled gRPC metrics middleware" app_id=order-processor instance=Ajays-Mac-mini.local scope=dapr.runtime.grpc.internal type=log ver=1.12.0
time="2023-11-14T21:14:44.927572+05:30" level=info msg="Internal gRPC server is running on port 57041" app_id=order-processor instance=Ajays-Mac-mini.local scope=dapr.runtime type=log ver=1.12.0
time="2023-11-14T21:14:44.927623+05:30" level=info msg="application protocol: http. waiting on port 5001.  This will block until the app is listening on that port." app_id=order-processor instance=Ajays-Mac-mini.local scope=dapr.runtime type=log ver=1.12.0
time="2023-11-14T21:14:45.331221+05:30" level=info msg="application discovered on port 5001" app_id=order-processor instance=Ajays-Mac-mini.local scope=dapr.runtime type=log ver=1.12.0
time="2023-11-14T21:14:45.335647+05:30" level=info msg="Application configuration loaded" app_id=order-processor instance=Ajays-Mac-mini.local scope=dapr.runtime type=log ver=1.12.0
time="2023-11-14T21:14:45.335692+05:30" level=info msg="Actor runtime started. Actor idle timeout: 1h0m0s. Actor scan interval: 30s" app_id=order-processor instance=Ajays-Mac-mini.local scope=dapr.runtime.actor type=log ver=1.12.0
time="2023-11-14T21:14:45.335706+05:30" level=info msg="Configuring workflow engine with actors backend" app_id=order-processor instance=Ajays-Mac-mini.local scope=dapr.runtime.wfengine type=log ver=1.12.0
time="2023-11-14T21:14:45.335714+05:30" level=info msg="Registering component for dapr workflow engine..." app_id=order-processor instance=Ajays-Mac-mini.local scope=dapr.runtime type=log ver=1.12.0
time="2023-11-14T21:14:45.335725+05:30" level=info msg="Initializing Dapr workflow component" app_id=order-processor component="dapr (workflow.dapr/v1)" instance=Ajays-Mac-mini.local scope=dapr.contrib type=log ver=1.12.0
time="2023-11-14T21:14:45.336784+05:30" level=info msg="dapr initialized. Status: Running. Init Elapsed 417ms" app_id=order-processor instance=Ajays-Mac-mini.local scope=dapr.runtime type=log ver=1.12.0
time="2023-11-14T21:14:45.374282+05:30" level=info msg="Placement tables updated, version: 0" app_id=order-processor instance=Ajays-Mac-mini.local scope=dapr.runtime.actors.placement type=log ver=1.12.0
Updating metadata for app command: npm start
Updating metadata for appPID: 12515
You're up and running! Dapr logs will appear here.

time="2023-11-14T21:16:18.202262+05:30" level=info msg="Received signal 'interrupt'; beginning shutdown" app_id=order-processor instance=Ajays-Mac-mini.local scope=dapr.signals type=log ver=1.12.0

termination signal received: shutting down
time="2023-11-14T21:16:18.204426+05:30" level=info msg="stopping mDNS server for app id: order-processor" app_id=order-processor component="mdns (nameResolution/v1)" instance=Ajays-Mac-mini.local scope=dapr.contrib type=log ver=1.12.0
time="2023-11-14T21:16:18.20454+05:30" level=info msg="Closing HTTP server [::]:57038…" app_id=order-processor instance=Ajays-Mac-mini.local scope=dapr.runtime.http type=log ver=1.12.0
Exited Dapr successfully
Exited App successfully
time="2023-11-14T21:16:18.204283+05:30" level=info msg="Dapr is shutting down" app_id=order-processor instance=Ajays-Mac-mini.local scope=dapr.runtime type=log ver=1.12.0
