Starting Dapr with id koot. HTTP Port: 50422. gRPC Port: 50423
Updating metadata for cliPID: 5687
time="2023-11-14T19:54:38.633902+05:30" level=info msg="Starting Dapr Runtime -- version 1.12.0 -- commit 2149fca96cdf11627c387bda26dcc027d1c47354" app_id=koot instance=Ajays-Mac-mini.local scope=dapr.runtime type=log ver=1.12.0
time="2023-11-14T19:54:38.633943+05:30" level=info msg="Log level set to: info" app_id=koot instance=Ajays-Mac-mini.local scope=dapr.runtime type=log ver=1.12.0
time="2023-11-14T19:54:38.634036+05:30" level=warning msg="mTLS is disabled. Skipping certificate request and tls validation" app_id=koot instance=Ajays-Mac-mini.local scope=dapr.runtime.security type=log ver=1.12.0
time="2023-11-14T19:54:38.634722+05:30" level=info msg="standalone mode configured" app_id=koot instance=Ajays-Mac-mini.local scope=dapr.runtime type=log ver=1.12.0
time="2023-11-14T19:54:38.634747+05:30" level=info msg="app id: koot" app_id=koot instance=Ajays-Mac-mini.local scope=dapr.runtime type=log ver=1.12.0
time="2023-11-14T19:54:38.634755+05:30" level=info msg="metrics server started on :50424/" app_id=koot instance=Ajays-Mac-mini.local scope=dapr.runtime type=log ver=1.12.0
time="2023-11-14T19:54:38.634806+05:30" level=info msg="Dapr trace sampler initialized: DaprTraceSampler(P=1.000000)" app_id=koot instance=Ajays-Mac-mini.local scope=dapr.runtime type=log ver=1.12.0
time="2023-11-14T19:54:38.635274+05:30" level=info msg="local service entry announced: koot -> 192.168.1.18:50425" app_id=koot component="mdns (nameResolution/v1)" instance=Ajays-Mac-mini.local scope=dapr.contrib type=log ver=1.12.0
time="2023-11-14T19:54:38.63529+05:30" level=info msg="Initialized name resolution to mdns" app_id=koot instance=Ajays-Mac-mini.local scope=dapr.runtime type=log ver=1.12.0
time="2023-11-14T19:54:38.63535+05:30" level=info msg="Loading components…" app_id=koot instance=Ajays-Mac-mini.local scope=dapr.runtime type=log ver=1.12.0
time="2023-11-14T19:54:38.638976+05:30" level=info msg="Component loaded: pubsub (pubsub.redis/v1)" app_id=koot instance=Ajays-Mac-mini.local scope=dapr.runtime type=log ver=1.12.0
time="2023-11-14T19:54:38.63902+05:30" level=info msg="Waiting for all outstanding components to be processed…" app_id=koot instance=Ajays-Mac-mini.local scope=dapr.runtime type=log ver=1.12.0
time="2023-11-14T19:54:38.641235+05:30" level=info msg="Using 'statestore' as actor state store" app_id=koot instance=Ajays-Mac-mini.local scope=dapr.runtime.processor.state type=log ver=1.12.0
time="2023-11-14T19:54:38.641251+05:30" level=info msg="Component loaded: statestore (state.redis/v1)" app_id=koot instance=Ajays-Mac-mini.local scope=dapr.runtime type=log ver=1.12.0
time="2023-11-14T19:54:38.641262+05:30" level=info msg="All outstanding components processed" app_id=koot instance=Ajays-Mac-mini.local scope=dapr.runtime type=log ver=1.12.0
time="2023-11-14T19:54:38.641269+05:30" level=info msg="Loading endpoints…" app_id=koot instance=Ajays-Mac-mini.local scope=dapr.runtime type=log ver=1.12.0
time="2023-11-14T19:54:38.641394+05:30" level=info msg="Waiting for all outstanding http endpoints to be processed…" app_id=koot instance=Ajays-Mac-mini.local scope=dapr.runtime type=log ver=1.12.0
time="2023-11-14T19:54:38.641404+05:30" level=info msg="All outstanding http endpoints processed" app_id=koot instance=Ajays-Mac-mini.local scope=dapr.runtime type=log ver=1.12.0
time="2023-11-14T19:54:38.641447+05:30" level=info msg="gRPC server listening on TCP address: :50423" app_id=koot instance=Ajays-Mac-mini.local scope=dapr.runtime.grpc.api type=log ver=1.12.0
time="2023-11-14T19:54:38.641456+05:30" level=info msg="Enabled gRPC tracing middleware" app_id=koot instance=Ajays-Mac-mini.local scope=dapr.runtime.grpc.api type=log ver=1.12.0
time="2023-11-14T19:54:38.641464+05:30" level=info msg="Enabled gRPC metrics middleware" app_id=koot instance=Ajays-Mac-mini.local scope=dapr.runtime.grpc.api type=log ver=1.12.0
time="2023-11-14T19:54:38.641502+05:30" level=info msg="Registering workflow engine for gRPC endpoint: [::]:50423" app_id=koot instance=Ajays-Mac-mini.local scope=dapr.runtime.grpc.api type=log ver=1.12.0
time="2023-11-14T19:54:38.64153+05:30" level=info msg="API gRPC server is running on port 50423" app_id=koot instance=Ajays-Mac-mini.local scope=dapr.runtime type=log ver=1.12.0
time="2023-11-14T19:54:38.64156+05:30" level=info msg="Enabled max body size HTTP middleware with size 4 MB" app_id=koot instance=Ajays-Mac-mini.local scope=dapr.runtime.http type=log ver=1.12.0
time="2023-11-14T19:54:38.641568+05:30" level=info msg="Enabled tracing HTTP middleware" app_id=koot instance=Ajays-Mac-mini.local scope=dapr.runtime.http type=log ver=1.12.0
time="2023-11-14T19:54:38.641573+05:30" level=info msg="Enabled metrics HTTP middleware" app_id=koot instance=Ajays-Mac-mini.local scope=dapr.runtime.http type=log ver=1.12.0
time="2023-11-14T19:54:38.641722+05:30" level=info msg="HTTP server listening on TCP address: :50422" app_id=koot instance=Ajays-Mac-mini.local scope=dapr.runtime.http type=log ver=1.12.0
time="2023-11-14T19:54:38.641734+05:30" level=info msg="HTTP server is running on port 50422" app_id=koot instance=Ajays-Mac-mini.local scope=dapr.runtime type=log ver=1.12.0
time="2023-11-14T19:54:38.641739+05:30" level=info msg="The request body size parameter is: 4" app_id=koot instance=Ajays-Mac-mini.local scope=dapr.runtime type=log ver=1.12.0
time="2023-11-14T19:54:38.641762+05:30" level=info msg="gRPC server listening on TCP address: :50425" app_id=koot instance=Ajays-Mac-mini.local scope=dapr.runtime.grpc.internal type=log ver=1.12.0
time="2023-11-14T19:54:38.64177+05:30" level=info msg="Enabled gRPC tracing middleware" app_id=koot instance=Ajays-Mac-mini.local scope=dapr.runtime.grpc.internal type=log ver=1.12.0
time="2023-11-14T19:54:38.641775+05:30" level=info msg="Enabled gRPC metrics middleware" app_id=koot instance=Ajays-Mac-mini.local scope=dapr.runtime.grpc.internal type=log ver=1.12.0
time="2023-11-14T19:54:38.641788+05:30" level=info msg="Internal gRPC server is running on port 50425" app_id=koot instance=Ajays-Mac-mini.local scope=dapr.runtime type=log ver=1.12.0
time="2023-11-14T19:54:38.641831+05:30" level=info msg="application protocol: http. waiting on port 5001.  This will block until the app is listening on that port." app_id=koot instance=Ajays-Mac-mini.local scope=dapr.runtime type=log ver=1.12.0
Updating metadata for app command: make run-dev
Updating metadata for appPID: 5691
You're up and running! Dapr logs will appear here.

time="2023-11-14T20:00:58.697396+05:30" level=info msg="Received signal 'interrupt'; beginning shutdown" app_id=koot instance=Ajays-Mac-mini.local scope=dapr.signals type=log ver=1.12.0

termination signal received: shutting down
Exited Dapr successfully
Exited App successfully
