Starting Dapr with id koot. HTTP Port: 54521. gRPC Port: 54522
Updating metadata for cliPID: 6579
time="2023-11-14T20:09:01.474682+05:30" level=info msg="Starting Dapr Runtime -- version 1.12.0 -- commit 2149fca96cdf11627c387bda26dcc027d1c47354" app_id=koot instance=Ajays-Mac-mini.local scope=dapr.runtime type=log ver=1.12.0
time="2023-11-14T20:09:01.474726+05:30" level=info msg="Log level set to: info" app_id=koot instance=Ajays-Mac-mini.local scope=dapr.runtime type=log ver=1.12.0
time="2023-11-14T20:09:01.475109+05:30" level=warning msg="mTLS is disabled. Skipping certificate request and tls validation" app_id=koot instance=Ajays-Mac-mini.local scope=dapr.runtime.security type=log ver=1.12.0
time="2023-11-14T20:09:01.47862+05:30" level=info msg="standalone mode configured" app_id=koot instance=Ajays-Mac-mini.local scope=dapr.runtime type=log ver=1.12.0
time="2023-11-14T20:09:01.479072+05:30" level=info msg="app id: koot" app_id=koot instance=Ajays-Mac-mini.local scope=dapr.runtime type=log ver=1.12.0
time="2023-11-14T20:09:01.479279+05:30" level=info msg="metrics server started on :54523/" app_id=koot instance=Ajays-Mac-mini.local scope=dapr.runtime type=log ver=1.12.0
time="2023-11-14T20:09:01.479392+05:30" level=info msg="Dapr trace sampler initialized: DaprTraceSampler(P=1.000000)" app_id=koot instance=Ajays-Mac-mini.local scope=dapr.runtime type=log ver=1.12.0
time="2023-11-14T20:09:01.482451+05:30" level=info msg="local service entry announced: koot -> 192.168.1.18:54524" app_id=koot component="mdns (nameResolution/v1)" instance=Ajays-Mac-mini.local scope=dapr.contrib type=log ver=1.12.0
time="2023-11-14T20:09:01.482482+05:30" level=info msg="Initialized name resolution to mdns" app_id=koot instance=Ajays-Mac-mini.local scope=dapr.runtime type=log ver=1.12.0
time="2023-11-14T20:09:01.482565+05:30" level=info msg="Loading components…" app_id=koot instance=Ajays-Mac-mini.local scope=dapr.runtime type=log ver=1.12.0
time="2023-11-14T20:09:01.489772+05:30" level=info msg="Component loaded: pubsub (pubsub.redis/v1)" app_id=koot instance=Ajays-Mac-mini.local scope=dapr.runtime type=log ver=1.12.0
time="2023-11-14T20:09:01.489815+05:30" level=info msg="Waiting for all outstanding components to be processed…" app_id=koot instance=Ajays-Mac-mini.local scope=dapr.runtime type=log ver=1.12.0
time="2023-11-14T20:09:01.492949+05:30" level=info msg="Using 'statestore' as actor state store" app_id=koot instance=Ajays-Mac-mini.local scope=dapr.runtime.processor.state type=log ver=1.12.0
time="2023-11-14T20:09:01.492973+05:30" level=info msg="Component loaded: statestore (state.redis/v1)" app_id=koot instance=Ajays-Mac-mini.local scope=dapr.runtime type=log ver=1.12.0
time="2023-11-14T20:09:01.492985+05:30" level=info msg="All outstanding components processed" app_id=koot instance=Ajays-Mac-mini.local scope=dapr.runtime type=log ver=1.12.0
time="2023-11-14T20:09:01.492993+05:30" level=info msg="Loading endpoints…" app_id=koot instance=Ajays-Mac-mini.local scope=dapr.runtime type=log ver=1.12.0
time="2023-11-14T20:09:01.493153+05:30" level=info msg="Waiting for all outstanding http endpoints to be processed…" app_id=koot instance=Ajays-Mac-mini.local scope=dapr.runtime type=log ver=1.12.0
time="2023-11-14T20:09:01.493164+05:30" level=info msg="All outstanding http endpoints processed" app_id=koot instance=Ajays-Mac-mini.local scope=dapr.runtime type=log ver=1.12.0
time="2023-11-14T20:09:01.493849+05:30" level=info msg="gRPC server listening on TCP address: :54522" app_id=koot instance=Ajays-Mac-mini.local scope=dapr.runtime.grpc.api type=log ver=1.12.0
time="2023-11-14T20:09:01.493859+05:30" level=info msg="Enabled gRPC tracing middleware" app_id=koot instance=Ajays-Mac-mini.local scope=dapr.runtime.grpc.api type=log ver=1.12.0
time="2023-11-14T20:09:01.494052+05:30" level=info msg="Enabled gRPC metrics middleware" app_id=koot instance=Ajays-Mac-mini.local scope=dapr.runtime.grpc.api type=log ver=1.12.0
time="2023-11-14T20:09:01.494125+05:30" level=info msg="Registering workflow engine for gRPC endpoint: [::]:54522" app_id=koot instance=Ajays-Mac-mini.local scope=dapr.runtime.grpc.api type=log ver=1.12.0
time="2023-11-14T20:09:01.494444+05:30" level=info msg="API gRPC server is running on port 54522" app_id=koot instance=Ajays-Mac-mini.local scope=dapr.runtime type=log ver=1.12.0
time="2023-11-14T20:09:01.495182+05:30" level=info msg="Enabled max body size HTTP middleware with size 4 MB" app_id=koot instance=Ajays-Mac-mini.local scope=dapr.runtime.http type=log ver=1.12.0
time="2023-11-14T20:09:01.49525+05:30" level=info msg="Enabled tracing HTTP middleware" app_id=koot instance=Ajays-Mac-mini.local scope=dapr.runtime.http type=log ver=1.12.0
time="2023-11-14T20:09:01.495255+05:30" level=info msg="Enabled metrics HTTP middleware" app_id=koot instance=Ajays-Mac-mini.local scope=dapr.runtime.http type=log ver=1.12.0
time="2023-11-14T20:09:01.495475+05:30" level=info msg="HTTP server listening on TCP address: :54521" app_id=koot instance=Ajays-Mac-mini.local scope=dapr.runtime.http type=log ver=1.12.0
time="2023-11-14T20:09:01.495499+05:30" level=info msg="HTTP server is running on port 54521" app_id=koot instance=Ajays-Mac-mini.local scope=dapr.runtime type=log ver=1.12.0
time="2023-11-14T20:09:01.495504+05:30" level=info msg="The request body size parameter is: 4" app_id=koot instance=Ajays-Mac-mini.local scope=dapr.runtime type=log ver=1.12.0
time="2023-11-14T20:09:01.495528+05:30" level=info msg="gRPC server listening on TCP address: :54524" app_id=koot instance=Ajays-Mac-mini.local scope=dapr.runtime.grpc.internal type=log ver=1.12.0
time="2023-11-14T20:09:01.495535+05:30" level=info msg="Enabled gRPC tracing middleware" app_id=koot instance=Ajays-Mac-mini.local scope=dapr.runtime.grpc.internal type=log ver=1.12.0
time="2023-11-14T20:09:01.49554+05:30" level=info msg="Enabled gRPC metrics middleware" app_id=koot instance=Ajays-Mac-mini.local scope=dapr.runtime.grpc.internal type=log ver=1.12.0
time="2023-11-14T20:09:01.495714+05:30" level=info msg="Internal gRPC server is running on port 54524" app_id=koot instance=Ajays-Mac-mini.local scope=dapr.runtime type=log ver=1.12.0
time="2023-11-14T20:09:01.495759+05:30" level=info msg="application protocol: http. waiting on port 5001.  This will block until the app is listening on that port." app_id=koot instance=Ajays-Mac-mini.local scope=dapr.runtime type=log ver=1.12.0
Updating metadata for app command: make run-dev
Updating metadata for appPID: 6583
You're up and running! Dapr logs will appear here.

time="2023-11-14T20:10:03.796091+05:30" level=info msg="Received signal 'interrupt'; beginning shutdown" app_id=koot instance=Ajays-Mac-mini.local scope=dapr.signals type=log ver=1.12.0

termination signal received: shutting down
Exited Dapr successfully
Exited App successfully
